<?xml version="1.0" encoding="UTF-8"?>
<!-- Generated by org.testng.reporters.JUnitXMLReporter -->
<testsuite ignored="2" hostname="DESKTOP-Q82OL9U" failures="0" tests="2" name="Test" time="0.111" errors="0" timestamp="2024-06-28T13:47:21 IST">
  <testcase classname="demo_package.groups" name="TC3" time="0.022"/>
  <testcase classname="demo_package.groups" name="TC4" time="0.001"/>
  <testcase classname="demo_package.groups" name="TC2" time="0.0">
    <ignored/>
  </testcase> <!-- TC2 -->
  <testcase classname="demo_package.groups" name="TC1" time="0.0">
    <ignored/>
  </testcase> <!-- TC1 -->
</testsuite> <!-- Test -->
